SF:lib\src\modules\core\presentation\themes\ifood_challenge_theme_extension.dart
DA:16,6
DA:29,1
DA:42,1
DA:43,1
DA:44,1
DA:45,1
DA:46,1
DA:47,1
DA:48,1
DA:49,1
DA:50,1
DA:51,1
DA:52,1
DA:56,1
DA:59,1
DA:63,1
DA:64,3
DA:65,3
DA:66,3
DA:67,3
DA:68,3
DA:69,3
DA:70,3
DA:71,3
DA:72,3
DA:73,3
DA:79,5
DA:80,10
LF:28
LH:28
end_of_record
SF:lib\src\modules\core\domain\usecases\locale_usecase.dart
DA:7,1
DA:9,4
LF:2
LH:2
end_of_record
SF:lib\src\modules\core\domain\failures\failures.dart
DA:6,10
DA:8,2
DA:9,2
DA:15,4
DA:16,2
DA:20,10
LF:6
LH:6
end_of_record
SF:lib\src\modules\core\data\datasources\server_exception.dart
DA:5,4
LF:1
LH:1
end_of_record
SF:lib\src\modules\home\data\datasources\home_remote_datasource.dart
DA:13,1
DA:17,1
DA:21,1
DA:22,2
DA:23,2
DA:24,1
DA:25,1
DA:26,1
DA:27,2
DA:32,1
DA:36,1
DA:37,2
DA:38,2
DA:39,1
DA:40,1
DA:41,1
DA:42,2
DA:47,1
DA:51,3
DA:52,2
DA:53,1
DA:54,1
DA:55,1
DA:56,2
LF:24
LH:24
end_of_record
SF:lib\src\modules\home\data\models\genres_response_model.dart
DA:8,3
DA:10,1
DA:11,1
DA:12,5
DA:16,2
DA:17,2
DA:18,2
DA:19,2
DA:20,6
DA:21,2
DA:22,0
DA:26,3
DA:28,1
DA:29,2
LF:14
LH:13
end_of_record
SF:lib\src\modules\home\data\models\now_playing_movies_response_model.dart
DA:11,4
DA:18,1
DA:19,1
DA:20,1
DA:21,1
DA:22,1
DA:23,5
DA:27,2
DA:28,2
DA:29,2
DA:30,2
DA:31,2
DA:32,2
DA:33,2
DA:34,4
DA:35,2
DA:36,2
DA:37,0
DA:41,3
DA:43,1
DA:44,2
LF:21
LH:20
end_of_record
SF:lib\src\modules\home\data\models\top_rated_movies_response_model.dart
DA:11,4
DA:18,1
DA:19,1
DA:20,1
DA:21,1
DA:22,1
DA:23,5
DA:27,2
DA:28,2
DA:29,2
DA:30,2
DA:31,2
DA:32,2
DA:33,2
DA:34,6
DA:35,2
DA:36,0
DA:40,3
DA:42,1
DA:43,2
LF:20
LH:19
end_of_record
SF:lib\src\modules\home\data\models\genre_model.dart
DA:7,5
DA:12,2
DA:13,2
DA:14,2
DA:15,2
DA:19,3
DA:20,3
DA:21,3
DA:22,3
DA:26,3
DA:28,1
DA:29,2
LF:12
LH:12
end_of_record
SF:lib\src\modules\home\data\models\now_playing_movie_model.dart
DA:11,6
DA:20,2
DA:21,2
DA:22,2
DA:23,2
DA:24,2
DA:25,2
DA:26,2
DA:27,2
DA:31,3
DA:32,3
DA:33,3
DA:34,3
DA:35,3
DA:36,3
DA:37,3
DA:38,12
DA:39,0
DA:40,3
DA:44,3
DA:46,1
DA:47,2
LF:22
LH:21
end_of_record
SF:lib\src\modules\home\data\models\top_rated_movie_model.dart
DA:9,6
DA:16,2
DA:17,2
DA:18,2
DA:19,2
DA:20,2
DA:21,2
DA:25,3
DA:26,3
DA:27,3
DA:28,3
DA:29,3
DA:30,3
DA:34,3
DA:36,1
DA:37,2
LF:16
LH:16
end_of_record
SF:lib\src\modules\home\data\mappers\genre_mapper.dart
DA:5,2
DA:6,2
DA:7,2
DA:8,2
LF:4
LH:4
end_of_record
SF:lib\src\modules\home\domain\entities\genre_entity.dart
DA:7,10
DA:12,3
DA:13,9
LF:3
LH:3
end_of_record
SF:lib\src\modules\home\data\mappers\now_playing_movies_result_mapper.dart
DA:6,2
DA:8,2
DA:9,2
DA:10,2
DA:11,2
DA:13,10
LF:6
LH:6
end_of_record
SF:lib\src\modules\home\domain\entities\now_playing_movies_result_entity.dart
DA:11,1
DA:12,2
DA:14,30
DA:21,2
DA:27,2
DA:28,2
DA:29,2
DA:30,2
DA:31,1
DA:35,4
DA:36,20
LF:11
LH:11
end_of_record
SF:lib\src\modules\home\domain\entities\now_playing_movie_entity.dart
DA:11,15
DA:20,5
DA:21,5
DA:22,5
DA:23,5
DA:24,5
DA:25,5
DA:26,5
DA:27,5
LF:9
LH:9
end_of_record
SF:lib\src\modules\home\data\mappers\now_playing_movie_mapper.dart
DA:6,3
DA:7,3
DA:8,3
DA:9,3
DA:10,3
DA:11,3
DA:12,3
DA:13,6
LF:8
LH:8
end_of_record
SF:lib\src\modules\home\data\mappers\top_rated_movies_result_mapper.dart
DA:6,2
DA:8,2
DA:9,2
DA:10,2
DA:11,2
DA:13,10
LF:6
LH:6
end_of_record
SF:lib\src\modules\home\domain\entities\top_rated_movies_result_entity.dart
DA:11,29
DA:18,1
DA:24,1
DA:25,1
DA:26,1
DA:27,1
DA:28,1
DA:32,4
DA:33,20
LF:9
LH:9
end_of_record
SF:lib\src\modules\home\domain\entities\top_rated_movie_entity.dart
DA:9,15
DA:16,5
DA:17,25
LF:3
LH:3
end_of_record
SF:lib\src\modules\home\data\mappers\top_rated_movie_mapper.dart
DA:6,3
DA:7,3
DA:8,3
DA:9,3
DA:10,3
DA:11,6
LF:6
LH:6
end_of_record
SF:lib\src\modules\home\data\repositories\home_repository_impl.dart
DA:17,1
DA:20,1
DA:24,2
DA:28,2
DA:29,1
DA:30,2
DA:31,1
DA:32,1
DA:35,3
DA:39,1
DA:43,2
DA:47,2
DA:48,1
DA:49,2
DA:50,1
DA:51,1
DA:54,3
DA:58,1
DA:62,2
DA:63,1
DA:64,5
DA:65,1
DA:66,2
DA:67,1
DA:68,1
DA:71,3
LF:26
LH:26
end_of_record
SF:lib\src\modules\home\domain\usecases\genres_usecase.dart
DA:13,1
DA:16,1
DA:19,3
DA:26,3
DA:28,1
DA:29,2
LF:6
LH:6
end_of_record
SF:lib\src\modules\home\domain\usecases\top_rated_movies_usecase.dart
DA:13,1
DA:16,1
DA:19,2
DA:20,1
DA:21,1
DA:30,3
DA:32,1
DA:33,3
LF:8
LH:8
end_of_record
SF:lib\src\modules\home\domain\usecases\now_playing_movies_usecase.dart
DA:14,1
DA:17,1
DA:20,2
DA:21,2
DA:29,3
DA:31,1
DA:32,3
LF:7
LH:7
end_of_record
SF:lib\src\modules\home\presentation\home\cubit\home_state.dart
DA:19,22
DA:40,5
DA:42,4
DA:52,4
DA:53,3
DA:54,4
DA:55,3
DA:56,4
DA:57,4
DA:58,4
DA:59,4
DA:60,4
DA:64,2
DA:65,2
DA:66,2
DA:67,2
DA:68,2
DA:69,2
DA:70,2
DA:71,2
DA:72,2
DA:73,2
LF:22
LH:22
end_of_record
SF:lib\src\modules\home\presentation\home\cubit\home_cubit.dart
DA:20,1
DA:29,2
DA:31,1
DA:32,3
DA:36,2
DA:37,1
DA:38,1
DA:39,3
DA:41,1
DA:42,3
DA:45,2
DA:46,1
DA:47,1
DA:48,1
DA:52,1
DA:53,3
DA:54,4
DA:55,2
DA:56,1
DA:58,2
DA:60,2
DA:61,3
DA:62,1
DA:63,6
DA:64,3
DA:71,1
DA:72,1
DA:73,3
DA:74,3
DA:78,3
DA:80,4
DA:81,2
DA:82,1
DA:84,2
DA:86,2
DA:87,3
DA:88,1
DA:90,6
DA:91,5
DA:92,3
DA:95,1
DA:100,1
DA:101,3
DA:102,1
DA:103,2
DA:104,1
DA:105,2
DA:107,2
DA:108,3
DA:109,1
DA:110,3
DA:111,1
LF:52
LH:52
end_of_record
SF:lib\src\modules\home\presentation\home\widgets\now_playing\now_playing_movies_empty.dart
DA:10,15
DA:12,1
DA:14,1
DA:16,1
DA:17,1
DA:18,2
DA:19,3
DA:26,1
DA:27,0
DA:28,0
LF:10
LH:8
end_of_record
SF:lib\src\modules\home\presentation\home\widgets\now_playing\now_playing_movies_error.dart
DA:10,15
DA:12,1
DA:14,1
DA:16,1
DA:17,1
DA:18,2
DA:19,3
DA:26,1
DA:27,0
DA:28,0
LF:10
LH:8
end_of_record
SF:lib\src\modules\home\presentation\home\widgets\now_playing\now_playing_movies_skeleton.dart
DA:9,15
DA:11,1
DA:13,1
DA:14,1
DA:16,1
DA:25,15
DA:27,1
DA:29,1
DA:31,1
DA:33,1
DA:44,1
DA:45,1
DA:47,1
DA:48,3
DA:50,3
DA:52,1
DA:55,3
DA:58,1
DA:59,3
DA:60,2
DA:64,1
DA:65,3
DA:66,2
DA:70,1
DA:71,3
DA:72,2
DA:76,1
DA:77,3
DA:78,2
LF:29
LH:29
end_of_record
SF:lib\src\modules\home\presentation\home\widgets\now_playing\now_playing_movies_sliver_content.dart
DA:11,14
DA:13,2
DA:15,2
DA:16,2
DA:17,6
DA:18,6
DA:19,6
DA:20,2
DA:21,4
DA:22,3
DA:26,4
DA:32,4
DA:38,2
DA:39,4
DA:40,2
DA:41,2
LF:16
LH:16
end_of_record
SF:lib\src\modules\home\presentation\home\widgets\now_playing\now_playing_movies_sliver_list.dart
DA:19,2
DA:26,2
DA:28,2
DA:29,2
DA:30,4
DA:31,1
DA:32,4
DA:33,0
DA:35,2
DA:36,3
DA:48,1
DA:54,1
DA:56,1
DA:58,1
DA:59,1
DA:60,1
DA:63,1
DA:64,1
DA:66,1
DA:67,2
DA:73,1
DA:74,1
DA:76,1
DA:77,1
DA:78,2
DA:79,2
DA:81,1
DA:82,4
DA:83,1
DA:84,4
DA:85,3
DA:86,2
DA:91,2
DA:93,1
DA:94,1
DA:95,2
DA:96,2
DA:97,3
DA:108,1
DA:109,2
DA:110,1
DA:113,1
DA:115,3
DA:120,4
DA:121,1
DA:123,1
DA:124,3
DA:131,1
DA:133,2
DA:134,3
DA:135,2
DA:136,2
DA:137,1
DA:141,3
LF:54
LH:53
end_of_record
SF:lib\src\modules\core\presentation\themes\ifood_challenge_theme.dart
DA:8,5
DA:9,5
DA:11,5
DA:12,5
DA:51,5
DA:55,5
DA:56,1
DA:57,1
DA:59,1
DA:62,1
DA:65,5
DA:66,1
DA:67,1
LF:13
LH:13
end_of_record
SF:lib\src\application\l10n\l10n_extension.dart
DA:5,10
LF:1
LH:1
end_of_record
SF:lib\src\modules\core\presentation\utils\decimal_precision_extension.dart
DA:2,9
LF:1
LH:1
end_of_record
SF:lib\src\modules\home\presentation\home\widgets\top_rated\top_rated_movies_content.dart
DA:11,14
DA:13,2
DA:15,2
DA:16,8
DA:17,2
DA:18,4
DA:22,4
DA:26,4
DA:30,6
LF:9
LH:9
end_of_record
SF:lib\src\modules\home\presentation\home\widgets\top_rated\top_rated_movies_empty.dart
DA:10,14
DA:12,1
DA:14,1
DA:16,1
DA:17,1
DA:18,2
DA:19,3
DA:26,1
DA:27,0
DA:28,0
LF:10
LH:8
end_of_record
SF:lib\src\modules\home\presentation\home\widgets\top_rated\top_rated_movies_error.dart
DA:10,14
DA:12,1
DA:14,1
DA:16,1
DA:17,1
DA:18,2
DA:19,3
DA:26,1
DA:27,0
DA:28,0
LF:10
LH:8
end_of_record
SF:lib\src\modules\home\presentation\home\widgets\top_rated\top_rated_movies_list.dart
DA:12,2
DA:14,2
DA:16,2
DA:19,2
DA:20,2
DA:21,4
DA:27,2
DA:28,2
DA:29,7
DA:30,2
DA:31,2
DA:32,4
DA:33,0
DA:43,1
DA:45,1
DA:47,1
DA:48,4
DA:49,1
DA:51,1
DA:52,1
DA:55,1
DA:56,1
DA:58,1
DA:59,2
DA:64,1
DA:67,1
DA:68,2
DA:70,2
DA:74,1
DA:77,1
DA:78,4
DA:79,1
DA:80,4
DA:81,3
DA:82,2
DA:87,2
LF:36
LH:35
end_of_record
SF:lib\src\modules\home\presentation\home\widgets\top_rated\top_rated_movies_skeleton.dart
DA:10,14
DA:12,1
DA:14,1
DA:16,1
DA:17,2
DA:22,1
DA:23,1
DA:24,2
DA:25,1
DA:26,2
DA:27,1
DA:36,14
DA:38,1
DA:40,1
DA:42,1
DA:43,4
DA:44,1
DA:46,1
DA:55,1
DA:58,1
DA:60,2
DA:64,1
DA:67,1
DA:69,2
LF:24
LH:24
end_of_record
SF:lib\src\modules\search\data\datasources\search_remote_datasource.dart
DA:11,1
DA:15,1
DA:21,2
DA:22,1
DA:23,2
DA:24,1
DA:25,1
DA:26,1
DA:27,2
LF:9
LH:9
end_of_record
SF:lib\src\modules\search\data\models\search_movies_response_model.dart
DA:11,4
DA:18,1
DA:19,1
DA:20,1
DA:21,1
DA:22,1
DA:23,5
DA:27,2
DA:28,2
DA:29,2
DA:30,2
DA:31,2
DA:32,2
DA:33,2
DA:34,6
DA:35,2
DA:36,0
DA:40,3
DA:42,1
DA:43,2
LF:20
LH:19
end_of_record
SF:lib\src\modules\search\data\models\search_movie_model.dart
DA:11,6
DA:20,2
DA:21,2
DA:22,2
DA:23,2
DA:24,2
DA:25,2
DA:26,2
DA:27,2
DA:31,3
DA:32,3
DA:33,3
DA:34,3
DA:35,3
DA:36,3
DA:37,3
DA:38,3
DA:42,3
DA:44,1
DA:45,2
LF:20
LH:20
end_of_record
SF:lib\src\modules\search\data\mappers\search_movies_result_mapper.dart
DA:6,2
DA:7,2
DA:8,2
DA:9,2
DA:10,2
DA:11,10
LF:6
LH:6
end_of_record
SF:lib\src\modules\search\domain\entities\search_movies_result_entity.dart
DA:11,1
DA:12,2
DA:14,27
DA:21,2
DA:27,2
DA:28,2
DA:29,2
DA:30,2
DA:31,1
DA:35,4
DA:36,20
LF:11
LH:11
end_of_record
SF:lib\src\modules\search\domain\entities\search_movie_entity.dart
DA:11,15
DA:20,5
DA:21,5
DA:22,5
DA:23,5
DA:24,5
DA:25,5
DA:26,5
DA:27,5
LF:9
LH:9
end_of_record
SF:lib\src\modules\search\data\mappers\search_movie_mapper.dart
DA:6,3
DA:7,3
DA:8,3
DA:9,3
DA:10,3
DA:11,6
DA:12,6
DA:13,3
LF:8
LH:8
end_of_record
SF:lib\src\modules\bookmarks\presentation\widgets\bookmarks_page.dart
DA:8,13
DA:10,1
DA:12,1
DA:14,1
DA:15,1
DA:16,1
DA:18,1
DA:19,2
DA:20,2
DA:23,2
DA:24,2
DA:25,2
DA:32,1
DA:33,1
DA:35,1
DA:36,1
DA:37,1
DA:38,1
DA:39,2
DA:40,2
DA:47,1
DA:48,2
DA:49,2
LF:23
LH:23
end_of_record
SF:lib\src\modules\home\presentation\home\widgets\home_content.dart
DA:10,13
DA:12,1
DA:14,1
DA:16,1
DA:17,1
DA:18,1
DA:20,1
DA:21,2
DA:22,2
DA:25,2
DA:26,2
DA:27,2
DA:42,1
DA:43,1
DA:44,2
DA:45,2
LF:16
LH:16
end_of_record
SF:lib\src\modules\home\presentation\home\widgets\home_page.dart
DA:6,13
DA:8,1
LF:2
LH:2
end_of_record
SF:lib\src\modules\home\presentation\main\ifood_challenge_bottom_navigation_bar.dart
DA:8,1
DA:14,1
DA:16,1
DA:17,1
DA:18,1
DA:19,1
DA:20,1
DA:23,2
DA:25,1
DA:28,2
DA:30,1
DA:33,2
LF:12
LH:12
end_of_record
SF:lib\src\modules\home\presentation\main\main_page.dart
DA:13,1
DA:15,1
DA:16,1
DA:22,1
DA:26,1
DA:27,6
DA:28,1
DA:29,1
DA:30,1
DA:31,2
DA:32,1
DA:35,1
DA:37,1
DA:41,2
LF:14
LH:14
end_of_record
SF:lib\src\modules\search\presentation\widgets\search_page.dart
DA:10,14
DA:12,1
DA:14,1
DA:15,1
DA:16,6
LF:5
LH:5
end_of_record
SF:lib\src\modules\search\domain\usecases\search_movies_usecase.dart
DA:13,1
DA:16,1
DA:19,2
DA:20,2
DA:21,1
DA:22,1
DA:33,3
DA:39,0
DA:40,0
LF:9
LH:7
end_of_record
SF:lib\src\modules\search\presentation\cubit\search_cubit.dart
DA:13,1
DA:18,2
DA:20,1
DA:21,2
DA:22,1
DA:23,1
DA:24,3
DA:26,1
DA:27,3
DA:32,1
DA:33,1
DA:34,3
DA:35,3
DA:39,3
DA:42,5
DA:44,3
DA:46,2
DA:47,1
DA:49,2
DA:52,2
DA:53,3
DA:57,1
DA:59,6
DA:60,1
DA:61,5
DA:62,1
DA:63,0
DA:64,3
DA:67,1
LF:29
LH:28
end_of_record
SF:lib\src\modules\search\presentation\cubit\search_state.dart
DA:11,17
DA:23,4
DA:25,3
DA:31,3
DA:32,2
DA:33,3
DA:34,3
DA:35,3
DA:39,2
DA:40,2
DA:41,2
DA:42,2
DA:43,2
DA:44,2
LF:14
LH:14
end_of_record
SF:lib\src\modules\search\presentation\widgets\movies_search_bar.dart
DA:12,13
DA:14,2
DA:15,2
DA:20,2
DA:22,2
DA:23,0
DA:24,0
DA:25,0
DA:27,0
DA:28,0
DA:30,0
DA:34,2
DA:35,2
DA:37,4
DA:40,6
DA:41,6
DA:42,4
DA:44,6
DA:45,4
DA:48,4
DA:49,6
DA:50,4
DA:53,2
DA:54,6
DA:55,2
DA:57,2
DA:58,6
DA:59,2
LF:28
LH:22
end_of_record
SF:lib\src\modules\search\presentation\widgets\result_movies_sliver_list.dart
DA:15,2
DA:20,2
DA:22,2
DA:23,2
DA:24,4
DA:25,1
DA:26,4
DA:27,0
DA:29,2
DA:30,1
DA:40,1
DA:44,1
DA:46,1
DA:48,1
DA:49,1
DA:51,1
DA:54,1
DA:55,1
DA:57,1
DA:58,2
DA:60,1
DA:61,1
DA:63,1
DA:64,3
DA:72,1
DA:73,1
DA:75,1
DA:76,1
DA:77,2
DA:78,2
DA:80,1
DA:81,4
DA:82,1
DA:83,4
DA:84,3
DA:85,2
DA:90,2
DA:92,1
DA:93,2
DA:94,2
DA:95,3
LF:41
LH:40
end_of_record
SF:lib\src\modules\search\presentation\widgets\search_content.dart
DA:14,14
DA:16,2
DA:18,2
DA:20,2
DA:21,2
DA:22,2
DA:24,2
DA:25,4
DA:26,4
DA:29,4
DA:30,4
DA:31,4
DA:44,2
DA:45,2
DA:46,6
DA:47,6
DA:48,2
DA:49,4
DA:53,4
DA:57,2
DA:58,4
LF:21
LH:21
end_of_record
SF:lib\src\modules\search\presentation\widgets\search_empty.dart
DA:8,13
DA:10,1
DA:12,1
DA:14,1
DA:15,1
DA:16,1
DA:17,2
DA:18,3
LF:8
LH:8
end_of_record
SF:lib\src\modules\search\presentation\widgets\search_error.dart
DA:10,13
DA:12,1
DA:14,1
DA:16,1
DA:17,1
DA:18,2
DA:19,3
DA:26,1
DA:27,0
LF:9
LH:8
end_of_record
SF:lib\src\modules\search\data\repositories\search_repository_impl.dart
DA:13,1
DA:16,1
DA:22,2
DA:27,2
DA:28,1
DA:29,2
DA:30,1
DA:31,1
DA:34,3
LF:9
LH:9
end_of_record
